2020-07-09 18:58:32 [scrapy.utils.log] INFO: Scrapy 2.1.0 started (bot: CDFSanya)
2020-07-09 18:58:32 [scrapy.utils.log] INFO: Versions: lxml 4.5.0.0, libxml2 2.9.5, cssselect 1.1.0, parsel 1.6.0, w3lib 1.21.0, Twisted 20.3.0, Python 3.7.7 (default, May  6 2020, 11:45:54) [MSC v.1916 64 bit (AMD64)], pyOpenSSL 19.1.0 (OpenSSL 1.1.1d  10 Sep 2019), cryptography 2.9.2, Platform Windows-10-10.0.18362-SP0
2020-07-09 18:58:32 [scrapy.crawler] INFO: Overridden settings:
{'BOT_NAME': 'CDFSanya',
 'CONCURRENT_REQUESTS': 100,
 'DOWNLOAD_DELAY': 2,
 'LOG_FILE': 'log/scrapy_2020_7_9.log',
 'LOG_LEVEL': 'INFO',
 'NEWSPIDER_MODULE': 'CDFSanya.spiders',
 'SPIDER_MODULES': ['CDFSanya.spiders']}
2020-07-09 18:58:32 [scrapy.extensions.telnet] INFO: Telnet Password: 7479fd20c8883006
2020-07-09 18:58:32 [scrapy.middleware] INFO: Enabled extensions:
['scrapy.extensions.corestats.CoreStats',
 'scrapy.extensions.telnet.TelnetConsole',
 'scrapy.extensions.memusage.MemoryUsage',
 'scrapy.extensions.logstats.LogStats']
2020-07-09 18:58:33 [scrapy.middleware] INFO: Enabled downloader middlewares:
['scrapy.downloadermiddlewares.httpauth.HttpAuthMiddleware',
 'scrapy.downloadermiddlewares.downloadtimeout.DownloadTimeoutMiddleware',
 'scrapy.downloadermiddlewares.defaultheaders.DefaultHeadersMiddleware',
 'scrapy.downloadermiddlewares.useragent.UserAgentMiddleware',
 'scrapy.downloadermiddlewares.retry.RetryMiddleware',
 'scrapy.downloadermiddlewares.redirect.MetaRefreshMiddleware',
 'scrapy.downloadermiddlewares.httpcompression.HttpCompressionMiddleware',
 'scrapy.downloadermiddlewares.redirect.RedirectMiddleware',
 'scrapy.downloadermiddlewares.cookies.CookiesMiddleware',
 'scrapy.downloadermiddlewares.httpproxy.HttpProxyMiddleware',
 'scrapy.downloadermiddlewares.stats.DownloaderStats']
2020-07-09 18:58:33 [scrapy.middleware] INFO: Enabled spider middlewares:
['scrapy.spidermiddlewares.httperror.HttpErrorMiddleware',
 'scrapy.spidermiddlewares.offsite.OffsiteMiddleware',
 'scrapy.spidermiddlewares.referer.RefererMiddleware',
 'scrapy.spidermiddlewares.urllength.UrlLengthMiddleware',
 'scrapy.spidermiddlewares.depth.DepthMiddleware']
2020-07-09 18:58:33 [scrapy.middleware] INFO: Enabled item pipelines:
['CDFSanya.pipelines.MysqlTwistedPipline',
 'CDFSanya.pipelines.CdfsanyaPipeline']
2020-07-09 18:58:33 [scrapy.core.engine] INFO: Spider opened
2020-07-09 18:58:33 [scrapy.extensions.logstats] INFO: Crawled 0 pages (at 0 pages/min), scraped 0 items (at 0 items/min)
2020-07-09 18:58:33 [py.warnings] WARNING: D:\ProgramData\Anaconda3\envs\myspider_py37\lib\site-packages\scrapy\spidermiddlewares\offsite.py:65: URLWarning: allowed_domains accepts only domains, not URLs. Ignoring URL entry http://www.cdfgsanya.com in allowed_domains.
  warnings.warn(message, URLWarning)

2020-07-09 18:58:33 [scrapy.extensions.telnet] INFO: Telnet console listening on 127.0.0.1:6023
2020-07-09 18:58:33 [scrapy.utils.signal] ERROR: Error caught on signal handler: <bound method MemoryUsage.engine_started of <scrapy.extensions.memusage.MemoryUsage object at 0x0000019E6A1295C8>>
Traceback (most recent call last):
  File "D:\ProgramData\Anaconda3\envs\myspider_py37\lib\site-packages\scrapy\utils\defer.py", line 161, in maybeDeferred_coro
    result = f(*args, **kw)
  File "D:\ProgramData\Anaconda3\envs\myspider_py37\lib\site-packages\pydispatch\robustapply.py", line 55, in robustApply
    return receiver(*arguments, **named)
  File "D:\ProgramData\Anaconda3\envs\myspider_py37\lib\site-packages\scrapy\extensions\memusage.py", line 56, in engine_started
    self.crawler.stats.set_value('memusage/startup', self.get_virtual_size())
  File "D:\ProgramData\Anaconda3\envs\myspider_py37\lib\site-packages\scrapy\extensions\memusage.py", line 49, in get_virtual_size
    size = self.resource.getrusage(self.resource.RUSAGE_SELF).ru_maxrss
AttributeError: module 'resource' has no attribute 'getrusage'
2020-07-09 18:59:33 [scrapy.extensions.logstats] INFO: Crawled 16 pages (at 16 pages/min), scraped 0 items (at 0 items/min)
2020-07-09 19:00:33 [scrapy.extensions.logstats] INFO: Crawled 39 pages (at 23 pages/min), scraped 0 items (at 0 items/min)
2020-07-09 19:01:33 [scrapy.extensions.logstats] INFO: Crawled 61 pages (at 22 pages/min), scraped 0 items (at 0 items/min)
2020-07-09 19:02:33 [scrapy.extensions.logstats] INFO: Crawled 81 pages (at 20 pages/min), scraped 0 items (at 0 items/min)
2020-07-09 19:03:33 [scrapy.extensions.logstats] INFO: Crawled 104 pages (at 23 pages/min), scraped 3 items (at 3 items/min)
2020-07-09 19:04:33 [scrapy.extensions.logstats] INFO: Crawled 128 pages (at 24 pages/min), scraped 27 items (at 24 items/min)
2020-07-09 19:05:33 [scrapy.extensions.logstats] INFO: Crawled 152 pages (at 24 pages/min), scraped 51 items (at 24 items/min)
2020-07-09 19:06:33 [scrapy.extensions.logstats] INFO: Crawled 168 pages (at 16 pages/min), scraped 67 items (at 16 items/min)
2020-07-09 19:07:33 [scrapy.extensions.logstats] INFO: Crawled 184 pages (at 16 pages/min), scraped 83 items (at 16 items/min)
2020-07-09 19:08:33 [scrapy.extensions.logstats] INFO: Crawled 211 pages (at 27 pages/min), scraped 110 items (at 27 items/min)
2020-07-09 19:09:33 [scrapy.extensions.logstats] INFO: Crawled 236 pages (at 25 pages/min), scraped 135 items (at 25 items/min)
2020-07-09 19:10:33 [scrapy.extensions.logstats] INFO: Crawled 261 pages (at 25 pages/min), scraped 160 items (at 25 items/min)
2020-07-09 19:11:33 [scrapy.extensions.logstats] INFO: Crawled 285 pages (at 24 pages/min), scraped 184 items (at 24 items/min)
2020-07-09 19:12:33 [scrapy.extensions.logstats] INFO: Crawled 310 pages (at 25 pages/min), scraped 209 items (at 25 items/min)
2020-07-09 19:13:33 [scrapy.extensions.logstats] INFO: Crawled 334 pages (at 24 pages/min), scraped 233 items (at 24 items/min)
2020-07-09 19:14:33 [scrapy.extensions.logstats] INFO: Crawled 357 pages (at 23 pages/min), scraped 256 items (at 23 items/min)
2020-07-09 19:15:33 [scrapy.extensions.logstats] INFO: Crawled 381 pages (at 24 pages/min), scraped 280 items (at 24 items/min)
2020-07-09 19:16:33 [scrapy.extensions.logstats] INFO: Crawled 406 pages (at 25 pages/min), scraped 305 items (at 25 items/min)
2020-07-09 19:17:33 [scrapy.extensions.logstats] INFO: Crawled 430 pages (at 24 pages/min), scraped 329 items (at 24 items/min)
2020-07-09 19:18:33 [scrapy.extensions.logstats] INFO: Crawled 456 pages (at 26 pages/min), scraped 355 items (at 26 items/min)
2020-07-09 19:19:33 [scrapy.extensions.logstats] INFO: Crawled 481 pages (at 25 pages/min), scraped 380 items (at 25 items/min)
2020-07-09 19:20:33 [scrapy.extensions.logstats] INFO: Crawled 507 pages (at 26 pages/min), scraped 406 items (at 26 items/min)
2020-07-09 19:21:33 [scrapy.extensions.logstats] INFO: Crawled 530 pages (at 23 pages/min), scraped 429 items (at 23 items/min)
2020-07-09 19:22:33 [scrapy.extensions.logstats] INFO: Crawled 556 pages (at 26 pages/min), scraped 455 items (at 26 items/min)
2020-07-09 19:23:33 [scrapy.extensions.logstats] INFO: Crawled 579 pages (at 23 pages/min), scraped 478 items (at 23 items/min)
2020-07-09 19:24:33 [scrapy.extensions.logstats] INFO: Crawled 594 pages (at 15 pages/min), scraped 493 items (at 15 items/min)
2020-07-09 19:25:33 [scrapy.extensions.logstats] INFO: Crawled 617 pages (at 23 pages/min), scraped 515 items (at 22 items/min)
2020-07-09 19:26:33 [scrapy.extensions.logstats] INFO: Crawled 642 pages (at 25 pages/min), scraped 541 items (at 26 items/min)
2020-07-09 19:27:33 [scrapy.extensions.logstats] INFO: Crawled 667 pages (at 25 pages/min), scraped 566 items (at 25 items/min)
2020-07-09 19:28:33 [scrapy.extensions.logstats] INFO: Crawled 694 pages (at 27 pages/min), scraped 593 items (at 27 items/min)
2020-07-09 19:29:33 [scrapy.extensions.logstats] INFO: Crawled 719 pages (at 25 pages/min), scraped 618 items (at 25 items/min)
2020-07-09 19:30:33 [scrapy.extensions.logstats] INFO: Crawled 743 pages (at 24 pages/min), scraped 642 items (at 24 items/min)
2020-07-09 19:31:33 [scrapy.extensions.logstats] INFO: Crawled 769 pages (at 26 pages/min), scraped 668 items (at 26 items/min)
2020-07-09 19:32:33 [scrapy.extensions.logstats] INFO: Crawled 793 pages (at 24 pages/min), scraped 692 items (at 24 items/min)
2020-07-09 19:33:33 [scrapy.extensions.logstats] INFO: Crawled 818 pages (at 25 pages/min), scraped 717 items (at 25 items/min)
2020-07-09 19:34:33 [scrapy.extensions.logstats] INFO: Crawled 843 pages (at 25 pages/min), scraped 742 items (at 25 items/min)
2020-07-09 19:35:33 [scrapy.extensions.logstats] INFO: Crawled 870 pages (at 27 pages/min), scraped 769 items (at 27 items/min)
2020-07-09 19:36:33 [scrapy.extensions.logstats] INFO: Crawled 883 pages (at 13 pages/min), scraped 782 items (at 13 items/min)
2020-07-09 19:37:33 [scrapy.extensions.logstats] INFO: Crawled 907 pages (at 24 pages/min), scraped 806 items (at 24 items/min)
2020-07-09 19:38:33 [scrapy.extensions.logstats] INFO: Crawled 932 pages (at 25 pages/min), scraped 831 items (at 25 items/min)
2020-07-09 19:39:33 [scrapy.extensions.logstats] INFO: Crawled 956 pages (at 24 pages/min), scraped 855 items (at 24 items/min)
2020-07-09 19:40:33 [scrapy.extensions.logstats] INFO: Crawled 981 pages (at 25 pages/min), scraped 880 items (at 25 items/min)
2020-07-09 19:41:33 [scrapy.extensions.logstats] INFO: Crawled 1005 pages (at 24 pages/min), scraped 904 items (at 24 items/min)
2020-07-09 19:42:33 [scrapy.extensions.logstats] INFO: Crawled 1028 pages (at 23 pages/min), scraped 927 items (at 23 items/min)
2020-07-09 19:43:33 [scrapy.extensions.logstats] INFO: Crawled 1053 pages (at 25 pages/min), scraped 952 items (at 25 items/min)
2020-07-09 19:44:33 [scrapy.extensions.logstats] INFO: Crawled 1078 pages (at 25 pages/min), scraped 977 items (at 25 items/min)
2020-07-09 19:45:33 [scrapy.extensions.logstats] INFO: Crawled 1103 pages (at 25 pages/min), scraped 1002 items (at 25 items/min)
2020-07-09 19:46:33 [scrapy.extensions.logstats] INFO: Crawled 1127 pages (at 24 pages/min), scraped 1026 items (at 24 items/min)
2020-07-09 19:47:33 [scrapy.extensions.logstats] INFO: Crawled 1152 pages (at 25 pages/min), scraped 1050 items (at 24 items/min)
2020-07-09 19:48:33 [scrapy.extensions.logstats] INFO: Crawled 1176 pages (at 24 pages/min), scraped 1075 items (at 25 items/min)
2020-07-09 19:49:33 [scrapy.extensions.logstats] INFO: Crawled 1200 pages (at 24 pages/min), scraped 1099 items (at 24 items/min)
2020-07-09 19:50:33 [scrapy.extensions.logstats] INFO: Crawled 1224 pages (at 24 pages/min), scraped 1123 items (at 24 items/min)
2020-07-09 19:51:33 [scrapy.extensions.logstats] INFO: Crawled 1247 pages (at 23 pages/min), scraped 1146 items (at 23 items/min)
2020-07-09 19:52:33 [scrapy.extensions.logstats] INFO: Crawled 1272 pages (at 25 pages/min), scraped 1171 items (at 25 items/min)
2020-07-09 19:53:33 [scrapy.extensions.logstats] INFO: Crawled 1298 pages (at 26 pages/min), scraped 1197 items (at 26 items/min)
2020-07-09 19:54:33 [scrapy.extensions.logstats] INFO: Crawled 1323 pages (at 25 pages/min), scraped 1222 items (at 25 items/min)
2020-07-09 19:55:33 [scrapy.extensions.logstats] INFO: Crawled 1347 pages (at 24 pages/min), scraped 1246 items (at 24 items/min)
2020-07-09 19:56:33 [scrapy.extensions.logstats] INFO: Crawled 1370 pages (at 23 pages/min), scraped 1269 items (at 23 items/min)
2020-07-09 19:57:33 [scrapy.extensions.logstats] INFO: Crawled 1395 pages (at 25 pages/min), scraped 1294 items (at 25 items/min)
2020-07-09 19:58:33 [scrapy.extensions.logstats] INFO: Crawled 1420 pages (at 25 pages/min), scraped 1319 items (at 25 items/min)
2020-07-09 19:59:33 [scrapy.extensions.logstats] INFO: Crawled 1445 pages (at 25 pages/min), scraped 1344 items (at 25 items/min)
2020-07-09 20:00:33 [scrapy.extensions.logstats] INFO: Crawled 1469 pages (at 24 pages/min), scraped 1368 items (at 24 items/min)
2020-07-09 20:01:33 [scrapy.extensions.logstats] INFO: Crawled 1493 pages (at 24 pages/min), scraped 1392 items (at 24 items/min)
2020-07-09 20:02:33 [scrapy.extensions.logstats] INFO: Crawled 1518 pages (at 25 pages/min), scraped 1417 items (at 25 items/min)
2020-07-09 20:03:33 [scrapy.extensions.logstats] INFO: Crawled 1544 pages (at 26 pages/min), scraped 1442 items (at 25 items/min)
2020-07-09 20:04:33 [scrapy.extensions.logstats] INFO: Crawled 1568 pages (at 24 pages/min), scraped 1467 items (at 25 items/min)
2020-07-09 20:05:33 [scrapy.extensions.logstats] INFO: Crawled 1593 pages (at 25 pages/min), scraped 1492 items (at 25 items/min)
2020-07-09 20:06:33 [scrapy.extensions.logstats] INFO: Crawled 1615 pages (at 22 pages/min), scraped 1513 items (at 21 items/min)
2020-07-09 20:07:33 [scrapy.extensions.logstats] INFO: Crawled 1643 pages (at 28 pages/min), scraped 1542 items (at 29 items/min)
2020-07-09 20:08:33 [scrapy.extensions.logstats] INFO: Crawled 1669 pages (at 26 pages/min), scraped 1568 items (at 26 items/min)
2020-07-09 20:09:33 [scrapy.extensions.logstats] INFO: Crawled 1694 pages (at 25 pages/min), scraped 1593 items (at 25 items/min)
2020-07-09 20:10:33 [scrapy.extensions.logstats] INFO: Crawled 1717 pages (at 23 pages/min), scraped 1616 items (at 23 items/min)
2020-07-09 20:11:33 [scrapy.extensions.logstats] INFO: Crawled 1740 pages (at 23 pages/min), scraped 1639 items (at 23 items/min)
2020-07-09 20:12:33 [scrapy.extensions.logstats] INFO: Crawled 1764 pages (at 24 pages/min), scraped 1663 items (at 24 items/min)
2020-07-09 20:13:33 [scrapy.extensions.logstats] INFO: Crawled 1789 pages (at 25 pages/min), scraped 1688 items (at 25 items/min)
2020-07-09 20:14:33 [scrapy.extensions.logstats] INFO: Crawled 1813 pages (at 24 pages/min), scraped 1712 items (at 24 items/min)
2020-07-09 20:15:33 [scrapy.extensions.logstats] INFO: Crawled 1836 pages (at 23 pages/min), scraped 1735 items (at 23 items/min)
2020-07-09 20:16:33 [scrapy.extensions.logstats] INFO: Crawled 1859 pages (at 23 pages/min), scraped 1758 items (at 23 items/min)
2020-07-09 20:17:33 [scrapy.extensions.logstats] INFO: Crawled 1884 pages (at 25 pages/min), scraped 1783 items (at 25 items/min)
2020-07-09 20:18:33 [scrapy.extensions.logstats] INFO: Crawled 1908 pages (at 24 pages/min), scraped 1807 items (at 24 items/min)
2020-07-09 20:19:33 [scrapy.extensions.logstats] INFO: Crawled 1933 pages (at 25 pages/min), scraped 1832 items (at 25 items/min)
2020-07-09 20:20:33 [scrapy.extensions.logstats] INFO: Crawled 1958 pages (at 25 pages/min), scraped 1857 items (at 25 items/min)
2020-07-09 20:21:33 [scrapy.extensions.logstats] INFO: Crawled 1981 pages (at 23 pages/min), scraped 1880 items (at 23 items/min)
2020-07-09 20:22:33 [scrapy.extensions.logstats] INFO: Crawled 2007 pages (at 26 pages/min), scraped 1906 items (at 26 items/min)
2020-07-09 20:23:33 [scrapy.extensions.logstats] INFO: Crawled 2031 pages (at 24 pages/min), scraped 1930 items (at 24 items/min)
2020-07-09 20:24:33 [scrapy.extensions.logstats] INFO: Crawled 2047 pages (at 16 pages/min), scraped 1946 items (at 16 items/min)
2020-07-09 20:25:33 [scrapy.extensions.logstats] INFO: Crawled 2064 pages (at 17 pages/min), scraped 1963 items (at 17 items/min)
2020-07-09 20:26:33 [scrapy.extensions.logstats] INFO: Crawled 2081 pages (at 17 pages/min), scraped 1980 items (at 17 items/min)
2020-07-09 20:27:49 [scrapy.extensions.logstats] INFO: Crawled 2105 pages (at 24 pages/min), scraped 2003 items (at 23 items/min)
2020-07-09 20:28:33 [scrapy.extensions.logstats] INFO: Crawled 2122 pages (at 17 pages/min), scraped 2013 items (at 10 items/min)
2020-07-09 20:29:33 [scrapy.extensions.logstats] INFO: Crawled 2146 pages (at 24 pages/min), scraped 2020 items (at 7 items/min)
2020-07-09 20:30:33 [scrapy.extensions.logstats] INFO: Crawled 2169 pages (at 23 pages/min), scraped 2020 items (at 0 items/min)
2020-07-09 20:31:35 [scrapy.extensions.logstats] INFO: Crawled 2183 pages (at 14 pages/min), scraped 2020 items (at 0 items/min)
2020-07-09 20:32:33 [scrapy.extensions.logstats] INFO: Crawled 2202 pages (at 19 pages/min), scraped 2020 items (at 0 items/min)
2020-07-09 20:33:33 [scrapy.extensions.logstats] INFO: Crawled 2223 pages (at 21 pages/min), scraped 2028 items (at 8 items/min)
2020-07-09 20:34:33 [scrapy.extensions.logstats] INFO: Crawled 2248 pages (at 25 pages/min), scraped 2052 items (at 24 items/min)
2020-07-09 20:35:33 [scrapy.extensions.logstats] INFO: Crawled 2272 pages (at 24 pages/min), scraped 2077 items (at 25 items/min)
2020-07-09 20:36:33 [scrapy.extensions.logstats] INFO: Crawled 2284 pages (at 12 pages/min), scraped 2089 items (at 12 items/min)
2020-07-09 20:37:33 [scrapy.extensions.logstats] INFO: Crawled 2305 pages (at 21 pages/min), scraped 2110 items (at 21 items/min)
2020-07-09 20:38:33 [scrapy.extensions.logstats] INFO: Crawled 2330 pages (at 25 pages/min), scraped 2135 items (at 25 items/min)
2020-07-09 20:39:33 [scrapy.extensions.logstats] INFO: Crawled 2357 pages (at 27 pages/min), scraped 2162 items (at 27 items/min)
2020-07-09 20:40:33 [scrapy.extensions.logstats] INFO: Crawled 2380 pages (at 23 pages/min), scraped 2185 items (at 23 items/min)
2020-07-09 20:41:33 [scrapy.extensions.logstats] INFO: Crawled 2405 pages (at 25 pages/min), scraped 2209 items (at 24 items/min)
2020-07-09 20:42:33 [scrapy.extensions.logstats] INFO: Crawled 2429 pages (at 24 pages/min), scraped 2234 items (at 25 items/min)
2020-07-09 20:43:33 [scrapy.extensions.logstats] INFO: Crawled 2453 pages (at 24 pages/min), scraped 2258 items (at 24 items/min)
2020-07-09 20:44:33 [scrapy.extensions.logstats] INFO: Crawled 2478 pages (at 25 pages/min), scraped 2283 items (at 25 items/min)
2020-07-09 20:45:33 [scrapy.extensions.logstats] INFO: Crawled 2503 pages (at 25 pages/min), scraped 2307 items (at 24 items/min)
2020-07-09 20:46:33 [scrapy.extensions.logstats] INFO: Crawled 2527 pages (at 24 pages/min), scraped 2332 items (at 25 items/min)
2020-07-09 20:47:33 [scrapy.extensions.logstats] INFO: Crawled 2551 pages (at 24 pages/min), scraped 2356 items (at 24 items/min)
2020-07-09 20:48:33 [scrapy.extensions.logstats] INFO: Crawled 2575 pages (at 24 pages/min), scraped 2380 items (at 24 items/min)
2020-07-09 20:49:33 [scrapy.extensions.logstats] INFO: Crawled 2599 pages (at 24 pages/min), scraped 2404 items (at 24 items/min)
2020-07-09 20:50:33 [scrapy.extensions.logstats] INFO: Crawled 2625 pages (at 26 pages/min), scraped 2430 items (at 26 items/min)
2020-07-09 20:51:33 [scrapy.extensions.logstats] INFO: Crawled 2649 pages (at 24 pages/min), scraped 2454 items (at 24 items/min)
2020-07-09 20:52:33 [scrapy.extensions.logstats] INFO: Crawled 2671 pages (at 22 pages/min), scraped 2476 items (at 22 items/min)
2020-07-09 20:53:33 [scrapy.extensions.logstats] INFO: Crawled 2695 pages (at 24 pages/min), scraped 2500 items (at 24 items/min)
2020-07-09 20:54:33 [scrapy.extensions.logstats] INFO: Crawled 2720 pages (at 25 pages/min), scraped 2525 items (at 25 items/min)
2020-07-09 20:55:33 [scrapy.extensions.logstats] INFO: Crawled 2744 pages (at 24 pages/min), scraped 2549 items (at 24 items/min)
2020-07-09 20:56:33 [scrapy.extensions.logstats] INFO: Crawled 2768 pages (at 24 pages/min), scraped 2573 items (at 24 items/min)
2020-07-09 20:57:33 [scrapy.extensions.logstats] INFO: Crawled 2792 pages (at 24 pages/min), scraped 2597 items (at 24 items/min)
2020-07-09 20:58:33 [scrapy.extensions.logstats] INFO: Crawled 2816 pages (at 24 pages/min), scraped 2621 items (at 24 items/min)
2020-07-09 20:59:33 [scrapy.extensions.logstats] INFO: Crawled 2842 pages (at 26 pages/min), scraped 2647 items (at 26 items/min)
2020-07-09 21:00:33 [scrapy.extensions.logstats] INFO: Crawled 2866 pages (at 24 pages/min), scraped 2671 items (at 24 items/min)
2020-07-09 21:01:33 [scrapy.extensions.logstats] INFO: Crawled 2889 pages (at 23 pages/min), scraped 2694 items (at 23 items/min)
2020-07-09 21:02:33 [scrapy.extensions.logstats] INFO: Crawled 2913 pages (at 24 pages/min), scraped 2718 items (at 24 items/min)
2020-07-09 21:03:33 [scrapy.extensions.logstats] INFO: Crawled 2938 pages (at 25 pages/min), scraped 2743 items (at 25 items/min)
2020-07-09 21:04:33 [scrapy.extensions.logstats] INFO: Crawled 2962 pages (at 24 pages/min), scraped 2767 items (at 24 items/min)
2020-07-09 21:05:33 [scrapy.extensions.logstats] INFO: Crawled 2986 pages (at 24 pages/min), scraped 2791 items (at 24 items/min)
2020-07-09 21:06:33 [scrapy.extensions.logstats] INFO: Crawled 3005 pages (at 19 pages/min), scraped 2809 items (at 18 items/min)
2020-07-09 21:07:33 [scrapy.extensions.logstats] INFO: Crawled 3029 pages (at 24 pages/min), scraped 2833 items (at 24 items/min)
2020-07-09 21:08:33 [scrapy.extensions.logstats] INFO: Crawled 3055 pages (at 26 pages/min), scraped 2860 items (at 27 items/min)
2020-07-09 21:09:33 [scrapy.extensions.logstats] INFO: Crawled 3079 pages (at 24 pages/min), scraped 2884 items (at 24 items/min)
2020-07-09 21:10:33 [scrapy.extensions.logstats] INFO: Crawled 3104 pages (at 25 pages/min), scraped 2909 items (at 25 items/min)
2020-07-09 21:11:33 [scrapy.extensions.logstats] INFO: Crawled 3130 pages (at 26 pages/min), scraped 2935 items (at 26 items/min)
2020-07-09 21:12:33 [scrapy.extensions.logstats] INFO: Crawled 3155 pages (at 25 pages/min), scraped 2960 items (at 25 items/min)
2020-07-09 21:13:33 [scrapy.extensions.logstats] INFO: Crawled 3181 pages (at 26 pages/min), scraped 2986 items (at 26 items/min)
2020-07-09 21:14:33 [scrapy.extensions.logstats] INFO: Crawled 3204 pages (at 23 pages/min), scraped 3009 items (at 23 items/min)
2020-07-09 21:15:33 [scrapy.extensions.logstats] INFO: Crawled 3231 pages (at 27 pages/min), scraped 3036 items (at 27 items/min)
2020-07-09 21:16:33 [scrapy.extensions.logstats] INFO: Crawled 3255 pages (at 24 pages/min), scraped 3060 items (at 24 items/min)
2020-07-09 21:17:33 [scrapy.extensions.logstats] INFO: Crawled 3279 pages (at 24 pages/min), scraped 3084 items (at 24 items/min)
2020-07-09 21:18:33 [scrapy.extensions.logstats] INFO: Crawled 3303 pages (at 24 pages/min), scraped 3108 items (at 24 items/min)
2020-07-09 21:19:33 [scrapy.extensions.logstats] INFO: Crawled 3328 pages (at 25 pages/min), scraped 3133 items (at 25 items/min)
2020-07-09 21:20:33 [scrapy.extensions.logstats] INFO: Crawled 3352 pages (at 24 pages/min), scraped 3157 items (at 24 items/min)
2020-07-09 21:21:33 [scrapy.extensions.logstats] INFO: Crawled 3378 pages (at 26 pages/min), scraped 3183 items (at 26 items/min)
2020-07-09 21:22:33 [scrapy.extensions.logstats] INFO: Crawled 3403 pages (at 25 pages/min), scraped 3208 items (at 25 items/min)
2020-07-09 21:23:33 [scrapy.extensions.logstats] INFO: Crawled 3427 pages (at 24 pages/min), scraped 3232 items (at 24 items/min)
2020-07-09 21:24:33 [scrapy.extensions.logstats] INFO: Crawled 3441 pages (at 14 pages/min), scraped 3246 items (at 14 items/min)
2020-07-09 21:25:33 [scrapy.extensions.logstats] INFO: Crawled 3466 pages (at 25 pages/min), scraped 3271 items (at 25 items/min)
2020-07-09 21:26:33 [scrapy.extensions.logstats] INFO: Crawled 3492 pages (at 26 pages/min), scraped 3297 items (at 26 items/min)
2020-07-09 21:27:33 [scrapy.extensions.logstats] INFO: Crawled 3516 pages (at 24 pages/min), scraped 3321 items (at 24 items/min)
2020-07-09 21:28:33 [scrapy.extensions.logstats] INFO: Crawled 3540 pages (at 24 pages/min), scraped 3345 items (at 24 items/min)
2020-07-09 21:29:33 [scrapy.extensions.logstats] INFO: Crawled 3564 pages (at 24 pages/min), scraped 3369 items (at 24 items/min)
2020-07-09 21:30:33 [scrapy.extensions.logstats] INFO: Crawled 3587 pages (at 23 pages/min), scraped 3392 items (at 23 items/min)
2020-07-09 21:31:33 [scrapy.extensions.logstats] INFO: Crawled 3613 pages (at 26 pages/min), scraped 3418 items (at 26 items/min)
2020-07-09 21:32:33 [scrapy.extensions.logstats] INFO: Crawled 3638 pages (at 25 pages/min), scraped 3443 items (at 25 items/min)
2020-07-09 21:33:33 [scrapy.extensions.logstats] INFO: Crawled 3662 pages (at 24 pages/min), scraped 3467 items (at 24 items/min)
2020-07-09 21:34:33 [scrapy.extensions.logstats] INFO: Crawled 3687 pages (at 25 pages/min), scraped 3491 items (at 24 items/min)
2020-07-09 21:35:33 [scrapy.extensions.logstats] INFO: Crawled 3711 pages (at 24 pages/min), scraped 3516 items (at 25 items/min)
2020-07-09 21:36:33 [scrapy.extensions.logstats] INFO: Crawled 3731 pages (at 20 pages/min), scraped 3536 items (at 20 items/min)
2020-07-09 21:37:33 [scrapy.extensions.logstats] INFO: Crawled 3744 pages (at 13 pages/min), scraped 3549 items (at 13 items/min)
2020-07-09 21:38:33 [scrapy.extensions.logstats] INFO: Crawled 3771 pages (at 27 pages/min), scraped 3576 items (at 27 items/min)
2020-07-09 21:39:33 [scrapy.extensions.logstats] INFO: Crawled 3795 pages (at 24 pages/min), scraped 3600 items (at 24 items/min)
2020-07-09 21:40:33 [scrapy.extensions.logstats] INFO: Crawled 3819 pages (at 24 pages/min), scraped 3624 items (at 24 items/min)
2020-07-09 21:41:33 [scrapy.extensions.logstats] INFO: Crawled 3843 pages (at 24 pages/min), scraped 3648 items (at 24 items/min)
2020-07-09 21:42:33 [scrapy.extensions.logstats] INFO: Crawled 3868 pages (at 25 pages/min), scraped 3673 items (at 25 items/min)
2020-07-09 21:43:33 [scrapy.extensions.logstats] INFO: Crawled 3892 pages (at 24 pages/min), scraped 3697 items (at 24 items/min)
2020-07-09 21:44:33 [scrapy.extensions.logstats] INFO: Crawled 3915 pages (at 23 pages/min), scraped 3720 items (at 23 items/min)
2020-07-09 21:45:33 [scrapy.extensions.logstats] INFO: Crawled 3940 pages (at 25 pages/min), scraped 3745 items (at 25 items/min)
2020-07-09 21:46:33 [scrapy.extensions.logstats] INFO: Crawled 3965 pages (at 25 pages/min), scraped 3770 items (at 25 items/min)
2020-07-09 21:47:33 [scrapy.extensions.logstats] INFO: Crawled 3989 pages (at 24 pages/min), scraped 3794 items (at 24 items/min)
2020-07-09 21:48:33 [scrapy.extensions.logstats] INFO: Crawled 4013 pages (at 24 pages/min), scraped 3818 items (at 24 items/min)
2020-07-09 21:49:33 [scrapy.extensions.logstats] INFO: Crawled 4029 pages (at 16 pages/min), scraped 3834 items (at 16 items/min)
2020-07-09 21:50:33 [scrapy.extensions.logstats] INFO: Crawled 4054 pages (at 25 pages/min), scraped 3859 items (at 25 items/min)
2020-07-09 21:51:34 [scrapy.extensions.logstats] INFO: Crawled 4078 pages (at 24 pages/min), scraped 3876 items (at 17 items/min)
2020-07-09 21:52:35 [scrapy.extensions.logstats] INFO: Crawled 4097 pages (at 19 pages/min), scraped 3876 items (at 0 items/min)
2020-07-09 21:53:35 [scrapy.extensions.logstats] INFO: Crawled 4112 pages (at 15 pages/min), scraped 3876 items (at 0 items/min)
2020-07-09 21:54:35 [scrapy.extensions.logstats] INFO: Crawled 4127 pages (at 15 pages/min), scraped 3876 items (at 0 items/min)
2020-07-09 21:55:34 [scrapy.extensions.logstats] INFO: Crawled 4142 pages (at 15 pages/min), scraped 3876 items (at 0 items/min)
2020-07-09 21:56:35 [scrapy.extensions.logstats] INFO: Crawled 4157 pages (at 15 pages/min), scraped 3876 items (at 0 items/min)
2020-07-09 21:57:35 [scrapy.extensions.logstats] INFO: Crawled 4173 pages (at 16 pages/min), scraped 3876 items (at 0 items/min)
2020-07-09 21:58:33 [scrapy.extensions.logstats] INFO: Crawled 4195 pages (at 22 pages/min), scraped 3899 items (at 23 items/min)
2020-07-09 21:59:33 [scrapy.extensions.logstats] INFO: Crawled 4220 pages (at 25 pages/min), scraped 3924 items (at 25 items/min)
2020-07-09 22:00:33 [scrapy.extensions.logstats] INFO: Crawled 4245 pages (at 25 pages/min), scraped 3949 items (at 25 items/min)
2020-07-09 22:01:33 [scrapy.extensions.logstats] INFO: Crawled 4270 pages (at 25 pages/min), scraped 3974 items (at 25 items/min)
2020-07-09 22:02:33 [scrapy.extensions.logstats] INFO: Crawled 4297 pages (at 27 pages/min), scraped 4001 items (at 27 items/min)
2020-07-09 22:03:33 [scrapy.extensions.logstats] INFO: Crawled 4322 pages (at 25 pages/min), scraped 4026 items (at 25 items/min)
2020-07-09 22:04:33 [scrapy.extensions.logstats] INFO: Crawled 4346 pages (at 24 pages/min), scraped 4050 items (at 24 items/min)
2020-07-09 22:05:33 [scrapy.extensions.logstats] INFO: Crawled 4370 pages (at 24 pages/min), scraped 4073 items (at 23 items/min)
2020-07-09 22:06:33 [scrapy.extensions.logstats] INFO: Crawled 4385 pages (at 15 pages/min), scraped 4089 items (at 16 items/min)
2020-07-09 22:07:33 [scrapy.extensions.logstats] INFO: Crawled 4412 pages (at 27 pages/min), scraped 4116 items (at 27 items/min)
2020-07-09 22:08:33 [scrapy.extensions.logstats] INFO: Crawled 4438 pages (at 26 pages/min), scraped 4142 items (at 26 items/min)
2020-07-09 22:09:33 [scrapy.extensions.logstats] INFO: Crawled 4464 pages (at 26 pages/min), scraped 4168 items (at 26 items/min)
2020-07-09 22:10:33 [scrapy.extensions.logstats] INFO: Crawled 4489 pages (at 25 pages/min), scraped 4192 items (at 24 items/min)
2020-07-09 22:11:33 [scrapy.extensions.logstats] INFO: Crawled 4513 pages (at 24 pages/min), scraped 4217 items (at 25 items/min)
2020-07-09 22:12:33 [scrapy.extensions.logstats] INFO: Crawled 4536 pages (at 23 pages/min), scraped 4240 items (at 23 items/min)
2020-07-09 22:13:33 [scrapy.extensions.logstats] INFO: Crawled 4561 pages (at 25 pages/min), scraped 4265 items (at 25 items/min)
2020-07-09 22:14:33 [scrapy.extensions.logstats] INFO: Crawled 4585 pages (at 24 pages/min), scraped 4289 items (at 24 items/min)
2020-07-09 22:15:33 [scrapy.extensions.logstats] INFO: Crawled 4611 pages (at 26 pages/min), scraped 4315 items (at 26 items/min)
2020-07-09 22:16:33 [scrapy.extensions.logstats] INFO: Crawled 4637 pages (at 26 pages/min), scraped 4341 items (at 26 items/min)
2020-07-09 22:17:33 [scrapy.extensions.logstats] INFO: Crawled 4661 pages (at 24 pages/min), scraped 4365 items (at 24 items/min)
2020-07-09 22:18:33 [scrapy.extensions.logstats] INFO: Crawled 4685 pages (at 24 pages/min), scraped 4389 items (at 24 items/min)
2020-07-09 22:19:33 [scrapy.extensions.logstats] INFO: Crawled 4711 pages (at 26 pages/min), scraped 4415 items (at 26 items/min)
2020-07-09 22:20:33 [scrapy.extensions.logstats] INFO: Crawled 4735 pages (at 24 pages/min), scraped 4439 items (at 24 items/min)
2020-07-09 22:21:33 [scrapy.extensions.logstats] INFO: Crawled 4759 pages (at 24 pages/min), scraped 4463 items (at 24 items/min)
2020-07-09 22:22:33 [scrapy.extensions.logstats] INFO: Crawled 4783 pages (at 24 pages/min), scraped 4487 items (at 24 items/min)
2020-07-09 22:23:33 [scrapy.extensions.logstats] INFO: Crawled 4809 pages (at 26 pages/min), scraped 4513 items (at 26 items/min)
2020-07-09 22:24:33 [scrapy.extensions.logstats] INFO: Crawled 4834 pages (at 25 pages/min), scraped 4537 items (at 24 items/min)
2020-07-09 22:25:33 [scrapy.extensions.logstats] INFO: Crawled 4856 pages (at 22 pages/min), scraped 4560 items (at 23 items/min)
2020-07-09 22:26:33 [scrapy.extensions.logstats] INFO: Crawled 4881 pages (at 25 pages/min), scraped 4585 items (at 25 items/min)
2020-07-09 22:27:33 [scrapy.extensions.logstats] INFO: Crawled 4906 pages (at 25 pages/min), scraped 4610 items (at 25 items/min)
2020-07-09 22:28:33 [scrapy.extensions.logstats] INFO: Crawled 4930 pages (at 24 pages/min), scraped 4634 items (at 24 items/min)
2020-07-09 22:29:33 [scrapy.extensions.logstats] INFO: Crawled 4955 pages (at 25 pages/min), scraped 4659 items (at 25 items/min)
2020-07-09 22:30:33 [scrapy.extensions.logstats] INFO: Crawled 4979 pages (at 24 pages/min), scraped 4683 items (at 24 items/min)
2020-07-09 22:31:33 [scrapy.extensions.logstats] INFO: Crawled 5004 pages (at 25 pages/min), scraped 4708 items (at 25 items/min)
2020-07-09 22:32:33 [scrapy.extensions.logstats] INFO: Crawled 5030 pages (at 26 pages/min), scraped 4734 items (at 26 items/min)
2020-07-09 22:33:33 [scrapy.extensions.logstats] INFO: Crawled 5055 pages (at 25 pages/min), scraped 4759 items (at 25 items/min)
2020-07-09 22:34:33 [scrapy.extensions.logstats] INFO: Crawled 5080 pages (at 25 pages/min), scraped 4784 items (at 25 items/min)
2020-07-09 22:35:33 [scrapy.extensions.logstats] INFO: Crawled 5105 pages (at 25 pages/min), scraped 4809 items (at 25 items/min)
2020-07-09 22:36:33 [scrapy.extensions.logstats] INFO: Crawled 5123 pages (at 18 pages/min), scraped 4827 items (at 18 items/min)
2020-07-09 22:37:33 [scrapy.extensions.logstats] INFO: Crawled 5128 pages (at 5 pages/min), scraped 4832 items (at 5 items/min)
2020-07-09 22:38:33 [scrapy.extensions.logstats] INFO: Crawled 5146 pages (at 18 pages/min), scraped 4850 items (at 18 items/min)
2020-07-09 22:39:33 [scrapy.extensions.logstats] INFO: Crawled 5169 pages (at 23 pages/min), scraped 4873 items (at 23 items/min)
2020-07-09 22:40:33 [scrapy.extensions.logstats] INFO: Crawled 5194 pages (at 25 pages/min), scraped 4898 items (at 25 items/min)
2020-07-09 22:41:33 [scrapy.extensions.logstats] INFO: Crawled 5219 pages (at 25 pages/min), scraped 4923 items (at 25 items/min)
2020-07-09 22:42:33 [scrapy.extensions.logstats] INFO: Crawled 5243 pages (at 24 pages/min), scraped 4947 items (at 24 items/min)
2020-07-09 22:43:33 [scrapy.extensions.logstats] INFO: Crawled 5269 pages (at 26 pages/min), scraped 4973 items (at 26 items/min)
2020-07-09 22:44:33 [scrapy.extensions.logstats] INFO: Crawled 5293 pages (at 24 pages/min), scraped 4997 items (at 24 items/min)
2020-07-09 22:45:33 [scrapy.extensions.logstats] INFO: Crawled 5316 pages (at 23 pages/min), scraped 5020 items (at 23 items/min)
2020-07-09 22:46:33 [scrapy.extensions.logstats] INFO: Crawled 5340 pages (at 24 pages/min), scraped 5044 items (at 24 items/min)
2020-07-09 22:47:33 [scrapy.extensions.logstats] INFO: Crawled 5367 pages (at 27 pages/min), scraped 5071 items (at 27 items/min)
2020-07-09 22:48:33 [scrapy.extensions.logstats] INFO: Crawled 5392 pages (at 25 pages/min), scraped 5096 items (at 25 items/min)
2020-07-09 22:49:33 [scrapy.extensions.logstats] INFO: Crawled 5416 pages (at 24 pages/min), scraped 5120 items (at 24 items/min)
2020-07-09 22:50:33 [scrapy.extensions.logstats] INFO: Crawled 5439 pages (at 23 pages/min), scraped 5143 items (at 23 items/min)
2020-07-09 22:51:33 [scrapy.extensions.logstats] INFO: Crawled 5464 pages (at 25 pages/min), scraped 5168 items (at 25 items/min)
2020-07-09 22:52:33 [scrapy.extensions.logstats] INFO: Crawled 5490 pages (at 26 pages/min), scraped 5194 items (at 26 items/min)
2020-07-09 22:53:33 [scrapy.extensions.logstats] INFO: Crawled 5514 pages (at 24 pages/min), scraped 5218 items (at 24 items/min)
2020-07-09 22:54:33 [scrapy.extensions.logstats] INFO: Crawled 5518 pages (at 4 pages/min), scraped 5222 items (at 4 items/min)
2020-07-09 22:55:33 [scrapy.extensions.logstats] INFO: Crawled 5541 pages (at 23 pages/min), scraped 5245 items (at 23 items/min)
2020-07-09 22:56:33 [scrapy.extensions.logstats] INFO: Crawled 5565 pages (at 24 pages/min), scraped 5269 items (at 24 items/min)
2020-07-09 22:57:33 [scrapy.extensions.logstats] INFO: Crawled 5591 pages (at 26 pages/min), scraped 5295 items (at 26 items/min)
2020-07-09 22:58:33 [scrapy.extensions.logstats] INFO: Crawled 5617 pages (at 26 pages/min), scraped 5321 items (at 26 items/min)
2020-07-09 22:59:33 [scrapy.extensions.logstats] INFO: Crawled 5645 pages (at 28 pages/min), scraped 5348 items (at 27 items/min)
2020-07-09 23:00:33 [scrapy.extensions.logstats] INFO: Crawled 5670 pages (at 25 pages/min), scraped 5374 items (at 26 items/min)
2020-07-09 23:01:33 [scrapy.extensions.logstats] INFO: Crawled 5694 pages (at 24 pages/min), scraped 5398 items (at 24 items/min)
2020-07-09 23:02:33 [scrapy.extensions.logstats] INFO: Crawled 5718 pages (at 24 pages/min), scraped 5422 items (at 24 items/min)
2020-07-09 23:03:33 [scrapy.extensions.logstats] INFO: Crawled 5742 pages (at 24 pages/min), scraped 5446 items (at 24 items/min)
2020-07-09 23:04:33 [scrapy.extensions.logstats] INFO: Crawled 5765 pages (at 23 pages/min), scraped 5469 items (at 23 items/min)
2020-07-09 23:05:33 [scrapy.extensions.logstats] INFO: Crawled 5790 pages (at 25 pages/min), scraped 5494 items (at 25 items/min)
2020-07-09 23:06:33 [scrapy.extensions.logstats] INFO: Crawled 5807 pages (at 17 pages/min), scraped 5511 items (at 17 items/min)
2020-07-09 23:07:33 [scrapy.extensions.logstats] INFO: Crawled 5819 pages (at 12 pages/min), scraped 5523 items (at 12 items/min)
2020-07-09 23:08:33 [scrapy.extensions.logstats] INFO: Crawled 5836 pages (at 17 pages/min), scraped 5540 items (at 17 items/min)
2020-07-09 23:09:33 [scrapy.extensions.logstats] INFO: Crawled 5864 pages (at 28 pages/min), scraped 5568 items (at 28 items/min)
2020-07-09 23:10:33 [scrapy.extensions.logstats] INFO: Crawled 5890 pages (at 26 pages/min), scraped 5594 items (at 26 items/min)
2020-07-09 23:11:33 [scrapy.extensions.logstats] INFO: Crawled 5914 pages (at 24 pages/min), scraped 5618 items (at 24 items/min)
2020-07-09 23:12:33 [scrapy.extensions.logstats] INFO: Crawled 5939 pages (at 25 pages/min), scraped 5643 items (at 25 items/min)
2020-07-09 23:13:33 [scrapy.extensions.logstats] INFO: Crawled 5963 pages (at 24 pages/min), scraped 5667 items (at 24 items/min)
2020-07-09 23:14:33 [scrapy.extensions.logstats] INFO: Crawled 5988 pages (at 25 pages/min), scraped 5692 items (at 25 items/min)
2020-07-09 23:15:33 [scrapy.extensions.logstats] INFO: Crawled 6013 pages (at 25 pages/min), scraped 5717 items (at 25 items/min)
2020-07-09 23:16:33 [scrapy.extensions.logstats] INFO: Crawled 6036 pages (at 23 pages/min), scraped 5740 items (at 23 items/min)
2020-07-09 23:17:33 [scrapy.extensions.logstats] INFO: Crawled 6061 pages (at 25 pages/min), scraped 5765 items (at 25 items/min)
2020-07-09 23:18:33 [scrapy.extensions.logstats] INFO: Crawled 6086 pages (at 25 pages/min), scraped 5790 items (at 25 items/min)
2020-07-09 23:19:33 [scrapy.extensions.logstats] INFO: Crawled 6110 pages (at 24 pages/min), scraped 5814 items (at 24 items/min)
2020-07-09 23:20:33 [scrapy.extensions.logstats] INFO: Crawled 6127 pages (at 17 pages/min), scraped 5831 items (at 17 items/min)
2020-07-09 23:21:44 [scrapy.extensions.logstats] INFO: Crawled 6147 pages (at 20 pages/min), scraped 5850 items (at 19 items/min)
2020-07-09 23:22:33 [scrapy.extensions.logstats] INFO: Crawled 6167 pages (at 20 pages/min), scraped 5871 items (at 21 items/min)
2020-07-09 23:23:33 [scrapy.extensions.logstats] INFO: Crawled 6190 pages (at 23 pages/min), scraped 5892 items (at 21 items/min)
2020-07-09 23:24:33 [scrapy.extensions.logstats] INFO: Crawled 6211 pages (at 21 pages/min), scraped 5892 items (at 0 items/min)
2020-07-09 23:25:33 [scrapy.extensions.logstats] INFO: Crawled 6235 pages (at 24 pages/min), scraped 5892 items (at 0 items/min)
2020-07-09 23:26:33 [scrapy.extensions.logstats] INFO: Crawled 6259 pages (at 24 pages/min), scraped 5892 items (at 0 items/min)
2020-07-09 23:27:33 [scrapy.extensions.logstats] INFO: Crawled 6282 pages (at 23 pages/min), scraped 5892 items (at 0 items/min)
2020-07-09 23:28:33 [scrapy.extensions.logstats] INFO: Crawled 6307 pages (at 25 pages/min), scraped 5910 items (at 18 items/min)
2020-07-09 23:29:33 [scrapy.extensions.logstats] INFO: Crawled 6330 pages (at 23 pages/min), scraped 5933 items (at 23 items/min)
2020-07-09 23:30:33 [scrapy.extensions.logstats] INFO: Crawled 6355 pages (at 25 pages/min), scraped 5958 items (at 25 items/min)
2020-07-09 23:31:33 [scrapy.extensions.logstats] INFO: Crawled 6380 pages (at 25 pages/min), scraped 5983 items (at 25 items/min)
2020-07-09 23:32:33 [scrapy.extensions.logstats] INFO: Crawled 6406 pages (at 26 pages/min), scraped 6009 items (at 26 items/min)
2020-07-09 23:33:33 [scrapy.extensions.logstats] INFO: Crawled 6431 pages (at 25 pages/min), scraped 6034 items (at 25 items/min)
2020-07-09 23:34:33 [scrapy.extensions.logstats] INFO: Crawled 6455 pages (at 24 pages/min), scraped 6058 items (at 24 items/min)
2020-07-09 23:35:33 [scrapy.extensions.logstats] INFO: Crawled 6479 pages (at 24 pages/min), scraped 6082 items (at 24 items/min)
2020-07-09 23:36:33 [scrapy.extensions.logstats] INFO: Crawled 6497 pages (at 18 pages/min), scraped 6100 items (at 18 items/min)
2020-07-09 23:37:33 [scrapy.extensions.logstats] INFO: Crawled 6527 pages (at 30 pages/min), scraped 6130 items (at 30 items/min)
2020-07-09 23:38:33 [scrapy.extensions.logstats] INFO: Crawled 6551 pages (at 24 pages/min), scraped 6154 items (at 24 items/min)
2020-07-09 23:39:33 [scrapy.extensions.logstats] INFO: Crawled 6577 pages (at 26 pages/min), scraped 6180 items (at 26 items/min)
2020-07-09 23:40:33 [scrapy.extensions.logstats] INFO: Crawled 6603 pages (at 26 pages/min), scraped 6206 items (at 26 items/min)
2020-07-09 23:41:33 [scrapy.extensions.logstats] INFO: Crawled 6626 pages (at 23 pages/min), scraped 6229 items (at 23 items/min)
2020-07-09 23:42:33 [scrapy.extensions.logstats] INFO: Crawled 6650 pages (at 24 pages/min), scraped 6253 items (at 24 items/min)
2020-07-09 23:43:33 [scrapy.extensions.logstats] INFO: Crawled 6675 pages (at 25 pages/min), scraped 6278 items (at 25 items/min)
2020-07-09 23:44:33 [scrapy.extensions.logstats] INFO: Crawled 6699 pages (at 24 pages/min), scraped 6302 items (at 24 items/min)
2020-07-09 23:45:33 [scrapy.extensions.logstats] INFO: Crawled 6724 pages (at 25 pages/min), scraped 6327 items (at 25 items/min)
2020-07-09 23:46:33 [scrapy.extensions.logstats] INFO: Crawled 6748 pages (at 24 pages/min), scraped 6351 items (at 24 items/min)
2020-07-09 23:47:33 [scrapy.extensions.logstats] INFO: Crawled 6774 pages (at 26 pages/min), scraped 6377 items (at 26 items/min)
2020-07-09 23:48:33 [scrapy.extensions.logstats] INFO: Crawled 6799 pages (at 25 pages/min), scraped 6402 items (at 25 items/min)
2020-07-09 23:49:33 [scrapy.extensions.logstats] INFO: Crawled 6824 pages (at 25 pages/min), scraped 6427 items (at 25 items/min)
2020-07-09 23:50:33 [scrapy.extensions.logstats] INFO: Crawled 6849 pages (at 25 pages/min), scraped 6452 items (at 25 items/min)
2020-07-09 23:51:33 [scrapy.extensions.logstats] INFO: Crawled 6875 pages (at 26 pages/min), scraped 6478 items (at 26 items/min)
2020-07-09 23:52:33 [scrapy.extensions.logstats] INFO: Crawled 6899 pages (at 24 pages/min), scraped 6502 items (at 24 items/min)
2020-07-09 23:53:33 [scrapy.extensions.logstats] INFO: Crawled 6925 pages (at 26 pages/min), scraped 6528 items (at 26 items/min)
2020-07-09 23:54:33 [scrapy.extensions.logstats] INFO: Crawled 6937 pages (at 12 pages/min), scraped 6540 items (at 12 items/min)
2020-07-09 23:55:33 [scrapy.extensions.logstats] INFO: Crawled 6963 pages (at 26 pages/min), scraped 6566 items (at 26 items/min)
2020-07-09 23:56:33 [scrapy.extensions.logstats] INFO: Crawled 6988 pages (at 25 pages/min), scraped 6591 items (at 25 items/min)
2020-07-09 23:57:33 [scrapy.extensions.logstats] INFO: Crawled 7012 pages (at 24 pages/min), scraped 6615 items (at 24 items/min)
2020-07-09 23:58:33 [scrapy.extensions.logstats] INFO: Crawled 7036 pages (at 24 pages/min), scraped 6639 items (at 24 items/min)
2020-07-09 23:59:33 [scrapy.extensions.logstats] INFO: Crawled 7060 pages (at 24 pages/min), scraped 6663 items (at 24 items/min)
2020-07-10 00:00:33 [scrapy.extensions.logstats] INFO: Crawled 7086 pages (at 26 pages/min), scraped 6689 items (at 26 items/min)
2020-07-10 00:01:33 [scrapy.extensions.logstats] INFO: Crawled 7111 pages (at 25 pages/min), scraped 6714 items (at 25 items/min)
2020-07-10 00:02:33 [scrapy.extensions.logstats] INFO: Crawled 7135 pages (at 24 pages/min), scraped 6738 items (at 24 items/min)
2020-07-10 00:03:33 [scrapy.extensions.logstats] INFO: Crawled 7161 pages (at 26 pages/min), scraped 6764 items (at 26 items/min)
2020-07-10 00:04:33 [scrapy.extensions.logstats] INFO: Crawled 7186 pages (at 25 pages/min), scraped 6789 items (at 25 items/min)
2020-07-10 00:05:33 [scrapy.extensions.logstats] INFO: Crawled 7210 pages (at 24 pages/min), scraped 6813 items (at 24 items/min)
2020-07-10 00:06:33 [scrapy.extensions.logstats] INFO: Crawled 7227 pages (at 17 pages/min), scraped 6830 items (at 17 items/min)
2020-07-10 00:07:33 [scrapy.extensions.logstats] INFO: Crawled 7248 pages (at 21 pages/min), scraped 6851 items (at 21 items/min)
2020-07-10 00:08:33 [scrapy.extensions.logstats] INFO: Crawled 7275 pages (at 27 pages/min), scraped 6877 items (at 26 items/min)
2020-07-10 00:09:33 [scrapy.extensions.logstats] INFO: Crawled 7299 pages (at 24 pages/min), scraped 6902 items (at 25 items/min)
2020-07-10 00:10:33 [scrapy.extensions.logstats] INFO: Crawled 7324 pages (at 25 pages/min), scraped 6927 items (at 25 items/min)
2020-07-10 00:11:33 [scrapy.extensions.logstats] INFO: Crawled 7348 pages (at 24 pages/min), scraped 6951 items (at 24 items/min)
2020-07-10 00:12:33 [scrapy.extensions.logstats] INFO: Crawled 7373 pages (at 25 pages/min), scraped 6976 items (at 25 items/min)
2020-07-10 00:13:33 [scrapy.extensions.logstats] INFO: Crawled 7398 pages (at 25 pages/min), scraped 7001 items (at 25 items/min)
2020-07-10 00:14:33 [scrapy.extensions.logstats] INFO: Crawled 7423 pages (at 25 pages/min), scraped 7026 items (at 25 items/min)
2020-07-10 00:15:33 [scrapy.extensions.logstats] INFO: Crawled 7448 pages (at 25 pages/min), scraped 7051 items (at 25 items/min)
2020-07-10 00:16:33 [scrapy.extensions.logstats] INFO: Crawled 7474 pages (at 26 pages/min), scraped 7077 items (at 26 items/min)
2020-07-10 00:17:33 [scrapy.extensions.logstats] INFO: Crawled 7499 pages (at 25 pages/min), scraped 7102 items (at 25 items/min)
2020-07-10 00:18:33 [scrapy.extensions.logstats] INFO: Crawled 7523 pages (at 24 pages/min), scraped 7126 items (at 24 items/min)
2020-07-10 00:19:33 [scrapy.extensions.logstats] INFO: Crawled 7547 pages (at 24 pages/min), scraped 7150 items (at 24 items/min)
2020-07-10 00:20:33 [scrapy.extensions.logstats] INFO: Crawled 7571 pages (at 24 pages/min), scraped 7174 items (at 24 items/min)
2020-07-10 00:21:33 [scrapy.extensions.logstats] INFO: Crawled 7595 pages (at 24 pages/min), scraped 7198 items (at 24 items/min)
2020-07-10 00:22:33 [scrapy.extensions.logstats] INFO: Crawled 7621 pages (at 26 pages/min), scraped 7224 items (at 26 items/min)
2020-07-10 00:23:33 [scrapy.extensions.logstats] INFO: Crawled 7647 pages (at 26 pages/min), scraped 7250 items (at 26 items/min)
2020-07-10 00:24:33 [scrapy.extensions.logstats] INFO: Crawled 7672 pages (at 25 pages/min), scraped 7275 items (at 25 items/min)
2020-07-10 00:25:33 [scrapy.extensions.logstats] INFO: Crawled 7697 pages (at 25 pages/min), scraped 7300 items (at 25 items/min)
2020-07-10 00:26:33 [scrapy.extensions.logstats] INFO: Crawled 7723 pages (at 26 pages/min), scraped 7326 items (at 26 items/min)
2020-07-10 00:27:33 [scrapy.extensions.logstats] INFO: Crawled 7747 pages (at 24 pages/min), scraped 7350 items (at 24 items/min)
2020-07-10 00:28:33 [scrapy.extensions.logstats] INFO: Crawled 7771 pages (at 24 pages/min), scraped 7374 items (at 24 items/min)
2020-07-10 00:29:33 [scrapy.extensions.logstats] INFO: Crawled 7797 pages (at 26 pages/min), scraped 7400 items (at 26 items/min)
2020-07-10 00:30:33 [scrapy.extensions.logstats] INFO: Crawled 7820 pages (at 23 pages/min), scraped 7423 items (at 23 items/min)
2020-07-10 00:31:33 [scrapy.extensions.logstats] INFO: Crawled 7844 pages (at 24 pages/min), scraped 7447 items (at 24 items/min)
2020-07-10 00:32:33 [scrapy.extensions.logstats] INFO: Crawled 7868 pages (at 24 pages/min), scraped 7471 items (at 24 items/min)
2020-07-10 00:33:33 [scrapy.extensions.logstats] INFO: Crawled 7893 pages (at 25 pages/min), scraped 7496 items (at 25 items/min)
2020-07-10 00:34:33 [scrapy.extensions.logstats] INFO: Crawled 7917 pages (at 24 pages/min), scraped 7520 items (at 24 items/min)
2020-07-10 00:35:33 [scrapy.extensions.logstats] INFO: Crawled 7941 pages (at 24 pages/min), scraped 7544 items (at 24 items/min)
2020-07-10 00:36:33 [scrapy.extensions.logstats] INFO: Crawled 7961 pages (at 20 pages/min), scraped 7564 items (at 20 items/min)
2020-07-10 00:37:33 [scrapy.extensions.logstats] INFO: Crawled 7963 pages (at 2 pages/min), scraped 7566 items (at 2 items/min)
2020-07-10 00:38:33 [scrapy.extensions.logstats] INFO: Crawled 7989 pages (at 26 pages/min), scraped 7591 items (at 25 items/min)
2020-07-10 00:39:33 [scrapy.extensions.logstats] INFO: Crawled 8003 pages (at 14 pages/min), scraped 7606 items (at 15 items/min)
2020-07-10 00:40:33 [scrapy.extensions.logstats] INFO: Crawled 8025 pages (at 22 pages/min), scraped 7628 items (at 22 items/min)
2020-07-10 00:41:33 [scrapy.extensions.logstats] INFO: Crawled 8049 pages (at 24 pages/min), scraped 7652 items (at 24 items/min)
2020-07-10 00:42:33 [scrapy.extensions.logstats] INFO: Crawled 8074 pages (at 25 pages/min), scraped 7677 items (at 25 items/min)
2020-07-10 00:43:33 [scrapy.extensions.logstats] INFO: Crawled 8098 pages (at 24 pages/min), scraped 7701 items (at 24 items/min)
2020-07-10 00:44:33 [scrapy.extensions.logstats] INFO: Crawled 8123 pages (at 25 pages/min), scraped 7726 items (at 25 items/min)
2020-07-10 00:45:33 [scrapy.extensions.logstats] INFO: Crawled 8148 pages (at 25 pages/min), scraped 7751 items (at 25 items/min)
2020-07-10 00:46:33 [scrapy.extensions.logstats] INFO: Crawled 8172 pages (at 24 pages/min), scraped 7775 items (at 24 items/min)
2020-07-10 00:47:33 [scrapy.extensions.logstats] INFO: Crawled 8198 pages (at 26 pages/min), scraped 7801 items (at 26 items/min)
2020-07-10 00:48:33 [scrapy.extensions.logstats] INFO: Crawled 8223 pages (at 25 pages/min), scraped 7826 items (at 25 items/min)
2020-07-10 00:49:33 [scrapy.extensions.logstats] INFO: Crawled 8248 pages (at 25 pages/min), scraped 7851 items (at 25 items/min)
2020-07-10 00:50:33 [scrapy.extensions.logstats] INFO: Crawled 8273 pages (at 25 pages/min), scraped 7876 items (at 25 items/min)
2020-07-10 00:51:33 [scrapy.extensions.logstats] INFO: Crawled 8297 pages (at 24 pages/min), scraped 7879 items (at 3 items/min)
2020-07-10 00:52:33 [scrapy.extensions.logstats] INFO: Crawled 8321 pages (at 24 pages/min), scraped 7894 items (at 15 items/min)
2020-07-10 00:53:33 [scrapy.extensions.logstats] INFO: Crawled 8346 pages (at 25 pages/min), scraped 7919 items (at 25 items/min)
2020-07-10 00:54:33 [scrapy.extensions.logstats] INFO: Crawled 8362 pages (at 16 pages/min), scraped 7935 items (at 16 items/min)
2020-07-10 00:55:33 [scrapy.extensions.logstats] INFO: Crawled 8387 pages (at 25 pages/min), scraped 7960 items (at 25 items/min)
2020-07-10 00:56:33 [scrapy.extensions.logstats] INFO: Crawled 8410 pages (at 23 pages/min), scraped 7983 items (at 23 items/min)
2020-07-10 00:57:33 [scrapy.extensions.logstats] INFO: Crawled 8435 pages (at 25 pages/min), scraped 8007 items (at 24 items/min)
2020-07-10 00:58:33 [scrapy.extensions.logstats] INFO: Crawled 8460 pages (at 25 pages/min), scraped 8033 items (at 26 items/min)
2020-07-10 00:59:33 [scrapy.extensions.logstats] INFO: Crawled 8485 pages (at 25 pages/min), scraped 8058 items (at 25 items/min)
2020-07-10 01:00:33 [scrapy.extensions.logstats] INFO: Crawled 8509 pages (at 24 pages/min), scraped 8082 items (at 24 items/min)
2020-07-10 01:01:33 [scrapy.extensions.logstats] INFO: Crawled 8534 pages (at 25 pages/min), scraped 8107 items (at 25 items/min)
2020-07-10 01:02:33 [scrapy.extensions.logstats] INFO: Crawled 8559 pages (at 25 pages/min), scraped 8132 items (at 25 items/min)
2020-07-10 01:03:33 [scrapy.extensions.logstats] INFO: Crawled 8583 pages (at 24 pages/min), scraped 8156 items (at 24 items/min)
2020-07-10 01:04:33 [scrapy.extensions.logstats] INFO: Crawled 8607 pages (at 24 pages/min), scraped 8180 items (at 24 items/min)
2020-07-10 01:05:33 [scrapy.extensions.logstats] INFO: Crawled 8631 pages (at 24 pages/min), scraped 8204 items (at 24 items/min)
2020-07-10 01:06:33 [scrapy.extensions.logstats] INFO: Crawled 8648 pages (at 17 pages/min), scraped 8221 items (at 17 items/min)
2020-07-10 01:07:33 [scrapy.extensions.logstats] INFO: Crawled 8661 pages (at 13 pages/min), scraped 8234 items (at 13 items/min)
2020-07-10 01:08:33 [scrapy.extensions.logstats] INFO: Crawled 8691 pages (at 30 pages/min), scraped 8264 items (at 30 items/min)
2020-07-10 01:09:33 [scrapy.extensions.logstats] INFO: Crawled 8715 pages (at 24 pages/min), scraped 8288 items (at 24 items/min)
2020-07-10 01:10:33 [scrapy.extensions.logstats] INFO: Crawled 8741 pages (at 26 pages/min), scraped 8314 items (at 26 items/min)
2020-07-10 01:11:33 [scrapy.extensions.logstats] INFO: Crawled 8765 pages (at 24 pages/min), scraped 8338 items (at 24 items/min)
2020-07-10 01:12:33 [scrapy.extensions.logstats] INFO: Crawled 8788 pages (at 23 pages/min), scraped 8361 items (at 23 items/min)
2020-07-10 01:13:33 [scrapy.extensions.logstats] INFO: Crawled 8814 pages (at 26 pages/min), scraped 8387 items (at 26 items/min)
2020-07-10 01:14:33 [scrapy.extensions.logstats] INFO: Crawled 8839 pages (at 25 pages/min), scraped 8412 items (at 25 items/min)
2020-07-10 01:15:33 [scrapy.extensions.logstats] INFO: Crawled 8863 pages (at 24 pages/min), scraped 8436 items (at 24 items/min)
2020-07-10 01:16:33 [scrapy.extensions.logstats] INFO: Crawled 8887 pages (at 24 pages/min), scraped 8460 items (at 24 items/min)
2020-07-10 01:16:55 [scrapy.core.engine] INFO: Closing spider (finished)
2020-07-10 01:16:55 [scrapy.statscollectors] INFO: Dumping Scrapy stats:
{'downloader/exception_count': 158,
 'downloader/exception_type_count/twisted.web._newclient.ResponseNeverReceived': 158,
 'downloader/request_bytes': 5762711,
 'downloader/request_count': 9055,
 'downloader/request_method_count/GET': 9055,
 'downloader/response_bytes': 76828717,
 'downloader/response_count': 8897,
 'downloader/response_status_count/200': 8897,
 'elapsed_time_seconds': 22702.295121,
 'finish_reason': 'finished',
 'finish_time': datetime.datetime(2020, 7, 9, 17, 16, 55, 478988),
 'item_scraped_count': 8470,
 'log_count/ERROR': 1,
 'log_count/INFO': 388,
 'log_count/WARNING': 1,
 'request_depth_max': 1,
 'response_received_count': 8897,
 'retry/count': 158,
 'retry/reason_count/twisted.web._newclient.ResponseNeverReceived': 158,
 'scheduler/dequeued': 9055,
 'scheduler/dequeued/memory': 9055,
 'scheduler/enqueued': 9055,
 'scheduler/enqueued/memory': 9055,
 'start_time': datetime.datetime(2020, 7, 9, 10, 58, 33, 183867)}
2020-07-10 01:16:55 [scrapy.core.engine] INFO: Spider closed (finished)
